This is pdfTeX, Version 3.1415926-2.4-1.40.13 (TeX Live 2012/Debian) (format=pdflatex 2014.8.6)  11 SEP 2019 20:40
entering extended mode
 restricted \write18 enabled.
 %&-line parsing enabled.
**bird.tex
(./bird.tex
LaTeX2e <2011/06/27>
Babel <v3.8m> and hyphenation patterns for english, dumylang, nohyphenation, cr
oatian, bulgarian, ukrainian, russian, slovak, czech, danish, dutch, finnish, f
rench, basque, ngerman, german, swissgerman, ngerman-x-2012-05-30, german-x-201
2-05-30, monogreek, greek, ibycus, ancientgreek, hungarian, italian, latin, mon
golian, mongolianlmc, nynorsk, bokmal, indonesian, esperanto, coptic, welsh, ir
ish, interlingua, serbian, serbianc, slovenian, friulan, romansh, estonian, rom
anian, armenian, uppersorbian, turkish, afrikaans, icelandic, kurmanji, polish,
 portuguese, galician, catalan, spanish, swedish, thai, loaded.
(/usr/share/texlive/texmf-dist/tex/latex/base/book.cls
Document Class: book 2007/10/19 v1.4h Standard LaTeX document class
(/usr/share/texlive/texmf-dist/tex/latex/base/bk10.clo
File: bk10.clo 2007/10/19 v1.4h Standard LaTeX file (size option)
)
\c@part=\count79
\c@chapter=\count80
\c@section=\count81
\c@subsection=\count82
\c@subsubsection=\count83
\c@paragraph=\count84
\c@subparagraph=\count85
\c@figure=\count86
\c@table=\count87
\abovecaptionskip=\skip41
\belowcaptionskip=\skip42
\bibindent=\dimen102
)
(/usr/share/texlive/texmf-dist/tex/latex/hyperref/hyperref.sty
Package: hyperref 2012/05/13 v6.82q Hypertext links for LaTeX

(/usr/share/texlive/texmf-dist/tex/generic/oberdiek/hobsub-hyperref.sty
Package: hobsub-hyperref 2012/05/28 v1.13 Bundle oberdiek, subset hyperref (HO)


(/usr/share/texlive/texmf-dist/tex/generic/oberdiek/hobsub-generic.sty
Package: hobsub-generic 2012/05/28 v1.13 Bundle oberdiek, subset generic (HO)
Package: hobsub 2012/05/28 v1.13 Construct package bundles (HO)
Package: infwarerr 2010/04/08 v1.3 Providing info/warning/error messages (HO)
Package: ltxcmds 2011/11/09 v1.22 LaTeX kernel commands for general use (HO)
Package: ifluatex 2010/03/01 v1.3 Provides the ifluatex switch (HO)
Package ifluatex Info: LuaTeX not detected.
Package: ifvtex 2010/03/01 v1.5 Detect VTeX and its facilities (HO)
Package ifvtex Info: VTeX not detected.
Package: intcalc 2007/09/27 v1.1 Expandable calculations with integers (HO)
Package: ifpdf 2011/01/30 v2.3 Provides the ifpdf switch (HO)
Package ifpdf Info: pdfTeX in PDF mode is detected.
Package: etexcmds 2011/02/16 v1.5 Avoid name clashes with e-TeX commands (HO)
Package etexcmds Info: Could not find \expanded.
(etexcmds)             That can mean that you are not using pdfTeX 1.50 or
(etexcmds)             that some package has redefined \expanded.
(etexcmds)             In the latter case, load this package earlier.
Package: kvsetkeys 2012/04/25 v1.16 Key value parser (HO)
Package: kvdefinekeys 2011/04/07 v1.3 Define keys (HO)
Package: pdftexcmds 2011/11/29 v0.20 Utility functions of pdfTeX for LuaTeX (HO
)
Package pdftexcmds Info: LuaTeX not detected.
Package pdftexcmds Info: \pdf@primitive is available.
Package pdftexcmds Info: \pdf@ifprimitive is available.
Package pdftexcmds Info: \pdfdraftmode found.
Package: pdfescape 2011/11/25 v1.13 Implements pdfTeX's escape features (HO)
Package: bigintcalc 2012/04/08 v1.3 Expandable calculations on big integers (HO
)
Package: bitset 2011/01/30 v1.1 Handle bit-vector datatype (HO)
Package: uniquecounter 2011/01/30 v1.2 Provide unlimited unique counter (HO)
)
Package hobsub Info: Skipping package `hobsub' (already loaded).
Package: letltxmacro 2010/09/02 v1.4 Let assignment for LaTeX macros (HO)
Package: hopatch 2012/05/28 v1.2 Wrapper for package hooks (HO)
Package: xcolor-patch 2011/01/30 xcolor patch
Package: atveryend 2011/06/30 v1.8 Hooks at the very end of document (HO)
Package atveryend Info: \enddocument detected (standard20110627).
Package: atbegshi 2011/10/05 v1.16 At begin shipout hook (HO)
Package: refcount 2011/10/16 v3.4 Data extraction from label references (HO)
Package: hycolor 2011/01/30 v1.7 Color options for hyperref/bookmark (HO)
)
(/usr/share/texlive/texmf-dist/tex/latex/graphics/keyval.sty
Package: keyval 1999/03/16 v1.13 key=value parser (DPC)
\KV@toks@=\toks14
)
(/usr/share/texlive/texmf-dist/tex/generic/ifxetex/ifxetex.sty
Package: ifxetex 2010/09/12 v0.6 Provides ifxetex conditional
)
(/usr/share/texlive/texmf-dist/tex/latex/oberdiek/kvoptions.sty
Package: kvoptions 2011/06/30 v3.11 Key value format for package options (HO)
)
\@linkdim=\dimen103
\Hy@linkcounter=\count88
\Hy@pagecounter=\count89

(/usr/share/texlive/texmf-dist/tex/latex/hyperref/pd1enc.def
File: pd1enc.def 2012/05/13 v6.82q Hyperref: PDFDocEncoding definition (HO)
)
\Hy@SavedSpaceFactor=\count90

(/usr/share/texlive/texmf-dist/tex/latex/latexconfig/hyperref.cfg
File: hyperref.cfg 2002/06/06 v1.2 hyperref configuration of TeXLive
)
Package hyperref Info: Option `colorlinks' set `true' on input line 3941.
Package hyperref Info: Hyper figures OFF on input line 4062.
Package hyperref Info: Link nesting OFF on input line 4067.
Package hyperref Info: Hyper index ON on input line 4070.
Package hyperref Info: Plain pages OFF on input line 4077.
Package hyperref Info: Backreferencing OFF on input line 4082.
Package hyperref Info: Implicit mode ON; LaTeX internals redefined.
Package hyperref Info: Bookmarks ON on input line 4300.
\c@Hy@tempcnt=\count91

(/usr/share/texlive/texmf-dist/tex/latex/url/url.sty
\Urlmuskip=\muskip10
Package: url 2006/04/12  ver 3.3  Verb mode for urls, etc.
)
LaTeX Info: Redefining \url on input line 4653.
\Fld@menulength=\count92
\Field@Width=\dimen104
\Fld@charsize=\dimen105
Package hyperref Info: Hyper figures OFF on input line 5773.
Package hyperref Info: Link nesting OFF on input line 5778.
Package hyperref Info: Hyper index ON on input line 5781.
Package hyperref Info: backreferencing OFF on input line 5788.
Package hyperref Info: Link coloring ON on input line 5791.
Package hyperref Info: Link coloring with OCG OFF on input line 5798.
Package hyperref Info: PDF/A mode OFF on input line 5803.
LaTeX Info: Redefining \ref on input line 5843.
LaTeX Info: Redefining \pageref on input line 5847.
\Hy@abspage=\count93
\c@Item=\count94
\c@Hfootnote=\count95
)

Package hyperref Message: Driver (autodetected): hpdftex.

(/usr/share/texlive/texmf-dist/tex/latex/hyperref/hpdftex.def
File: hpdftex.def 2012/05/13 v6.82q Hyperref driver for pdfTeX
\Fld@listcount=\count96
\c@bookmark@seq@number=\count97

(/usr/share/texlive/texmf-dist/tex/latex/oberdiek/rerunfilecheck.sty
Package: rerunfilecheck 2011/04/15 v1.7 Rerun checks for auxiliary files (HO)
Package uniquecounter Info: New unique counter `rerunfilecheck' on input line 2
82.
)
\Hy@SectionHShift=\skip43
)
(/usr/share/texlive/texmf-dist/tex/latex/enumitem/enumitem.sty
Package: enumitem 2011/09/28 v3.5.2 Customized lists
\labelindent=\skip44
\enit@outerparindent=\dimen106
\enit@toks=\toks15
\enit@inbox=\box26
\enitdp@description=\count98
)
(/home/feela/src/git/bird/doc/tex/birddoc.sty
Package: birddoc 
)
(/usr/share/texmf/tex/latex/misc/qwertz.sty
\c@definition=\count99
\c@proposition=\count100
\c@lemma=\count101
\c@corollary=\count102
\c@theorem=\count103
)
(/usr/share/texlive/texmf-dist/tex/latex/base/inputenc.sty
Package: inputenc 2008/03/30 v1.1d Input encoding file
\inpenc@prehook=\toks16
\inpenc@posthook=\toks17

(/usr/share/texlive/texmf-dist/tex/latex/base/latin1.def
File: latin1.def 2008/03/30 v1.1d Input encoding file
))
(/usr/share/texlive/texmf-dist/tex/latex/graphics/epsfig.sty
Package: epsfig 1999/02/16 v1.7a (e)psfig emulation (SPQR)

(/usr/share/texlive/texmf-dist/tex/latex/graphics/graphicx.sty
Package: graphicx 1999/02/16 v1.0f Enhanced LaTeX Graphics (DPC,SPQR)

(/usr/share/texlive/texmf-dist/tex/latex/graphics/graphics.sty
Package: graphics 2009/02/05 v1.0o Standard LaTeX Graphics (DPC,SPQR)

(/usr/share/texlive/texmf-dist/tex/latex/graphics/trig.sty
Package: trig 1999/03/16 v1.09 sin cos tan (DPC)
)
(/usr/share/texlive/texmf-dist/tex/latex/latexconfig/graphics.cfg
File: graphics.cfg 2010/04/23 v1.9 graphics configuration of TeX Live
)
Package graphics Info: Driver file: pdftex.def on input line 91.

(/usr/share/texlive/texmf-dist/tex/latex/pdftex-def/pdftex.def
File: pdftex.def 2011/05/27 v0.06d Graphics/color for pdfTeX
\Gread@gobject=\count104
))
\Gin@req@height=\dimen107
\Gin@req@width=\dimen108
)
\epsfxsize=\dimen109
\epsfysize=\dimen110
)
(/usr/share/texmf/tex/latex/misc/null.sty) (./bird.aux)
\openout1 = `bird.aux'.

LaTeX Font Info:    Checking defaults for OML/cmm/m/it on input line 20.
LaTeX Font Info:    ... okay on input line 20.
LaTeX Font Info:    Checking defaults for T1/cmr/m/n on input line 20.
LaTeX Font Info:    ... okay on input line 20.
LaTeX Font Info:    Checking defaults for OT1/cmr/m/n on input line 20.
LaTeX Font Info:    ... okay on input line 20.
LaTeX Font Info:    Checking defaults for OMS/cmsy/m/n on input line 20.
LaTeX Font Info:    ... okay on input line 20.
LaTeX Font Info:    Checking defaults for OMX/cmex/m/n on input line 20.
LaTeX Font Info:    ... okay on input line 20.
LaTeX Font Info:    Checking defaults for U/cmr/m/n on input line 20.
LaTeX Font Info:    ... okay on input line 20.
LaTeX Font Info:    Checking defaults for PD1/pdf/m/n on input line 20.
LaTeX Font Info:    ... okay on input line 20.
\AtBeginShipoutBox=\box27

(/usr/share/texlive/texmf-dist/tex/latex/graphics/color.sty
Package: color 2005/11/14 v1.0j Standard LaTeX Color (DPC)

(/usr/share/texlive/texmf-dist/tex/latex/latexconfig/color.cfg
File: color.cfg 2007/01/18 v1.5 color configuration of teTeX/TeXLive
)
Package color Info: Driver file: pdftex.def on input line 130.
)
Package hyperref Info: Link coloring ON on input line 20.

(/usr/share/texlive/texmf-dist/tex/latex/hyperref/nameref.sty
Package: nameref 2010/04/30 v2.40 Cross-referencing by name of section

(/usr/share/texlive/texmf-dist/tex/generic/oberdiek/gettitlestring.sty
Package: gettitlestring 2010/12/03 v1.4 Cleanup title references (HO)
)
\c@section@level=\count105
)
LaTeX Info: Redefining \ref on input line 20.
LaTeX Info: Redefining \pageref on input line 20.
LaTeX Info: Redefining \nameref on input line 20.

(./bird.out) (./bird.out)
\@outlinefile=\write3
\openout3 = `bird.out'.


(/usr/share/texlive/texmf-dist/tex/context/base/supp-pdf.mkii
[Loading MPS to PDF converter (version 2006.09.02).]
\scratchcounter=\count106
\scratchdimen=\dimen111
\scratchbox=\box28
\nofMPsegments=\count107
\nofMParguments=\count108
\everyMPshowfont=\toks18
\MPscratchCnt=\count109
\MPscratchDim=\dimen112
\MPnumerator=\count110
\makeMPintoPDFobject=\count111
\everyMPtoPDFconversion=\toks19
) (/usr/share/texlive/texmf-dist/tex/latex/oberdiek/epstopdf-base.sty
Package: epstopdf-base 2010/02/09 v2.5 Base part for package epstopdf

(/usr/share/texlive/texmf-dist/tex/latex/oberdiek/grfext.sty
Package: grfext 2010/08/19 v1.1 Manage graphics extensions (HO)
)
Package grfext Info: Graphics extension search list:
(grfext)             [.png,.pdf,.jpg,.mps,.jpeg,.jbig2,.jb2,.PNG,.PDF,.JPG,.JPE
G,.JBIG2,.JB2,.eps]
(grfext)             \AppendGraphicsExtensions on input line 452.

(/usr/share/texlive/texmf-dist/tex/latex/latexconfig/epstopdf-sys.cfg
File: epstopdf-sys.cfg 2010/07/13 v1.3 Configuration of (r)epstopdf for TeX Liv
e
))
LaTeX Font Info:    External font `cmex10' loaded for size
(Font)              <7> on input line 21.
LaTeX Font Info:    External font `cmex10' loaded for size
(Font)              <5> on input line 21.

Underfull \hbox (badness 10000) in paragraph at lines 21--21

 []

[1

{/var/lib/texmf/fonts/map/pdftex/updmap/pdftex.map}] (./bird.toc)
\tf@toc=\write4
\openout4 = `bird.toc'.

 [2

]
Chapter 1.
LaTeX Font Info:    Try loading font information for OMS+cmr on input line 81.
(/usr/share/texlive/texmf-dist/tex/latex/base/omscmr.fd
File: omscmr.fd 1999/05/25 v2.5h Standard LaTeX font definitions
)
LaTeX Font Info:    Font shape `OMS/cmr/m/n' in size <10> not available
(Font)              Font shape `OMS/cmsy/m/n' tried instead on input line 81.
 [3

]
LaTeX Font Info:    Font shape `OT1/cmtt/bx/n' in size <10> not available
(Font)              Font shape `OT1/cmtt/m/n' tried instead on input line 164.
 [4] [5]
Chapter 2.
[6

]
Chapter 3.
[7

] [8] [9] [10] [11] [12]
Chapter 4.

Underfull \hbox (badness 10000) in paragraph at lines 1046--1050
   [] []\OT1/cmtt/m/n/10 show route [[for] \OT1/cmr/m/it/10 pre-fix$\OMS/cmsy/m
/n/10 j$\OT1/cmr/m/it/10 IP\OT1/cmtt/m/n/10 ] [table \OT1/cmr/m/it/10 t\OT1/cmt
t/m/n/10 ] [filter \OT1/cmr/m/it/10 f$\OMS/cmsy/m/n/10 j$\OT1/cmtt/m/n/10 where
 \OT1/cmr/m/it/10 c\OT1/cmtt/m/n/10 ] [(export$\OMS/cmsy/m/n/10 j$\OT1/cmtt/m/n
/10 preexport$\OMS/cmsy/m/n/10 j$\OT1/cmtt/m/n/10 noexport) \OT1/cmr/m/it/10 p\
OT1/cmtt/m/n/10 ]
 []

[13

] [14] [15]
Chapter 5.
[16

] [17]
Underfull \hbox (badness 5050) in paragraph at lines 1449--1456
[]\OT1/cmr/m/n/10 For pair sets, ex-pres-sions like \OT1/cmtt/m/n/10 (123,*) \O
T1/cmr/m/n/10 can be used to de-note ranges (in that case
 []


Overfull \hbox (27.12624pt too wide) in paragraph at lines 1486--1486
 []         \OT1/cmtt/m/n/10 es = [ (rt, myas, 3*10), (rt, myas+one, 0..16*16*1
6-1), (ro, myas+2, *) ];[] 
 []


Underfull \hbox (badness 2393) in paragraph at lines 1502--1510
[]\OT1/cmr/m/n/10 There are also two short-hands for pre-fix pat-terns: \OT1/cm
r/m/it/10 ad-dress\OT1/cmtt/m/n/10 /\OT1/cmr/m/it/10 len\OT1/cmtt/m/n/10 + \OT1
/cmr/m/n/10 is a short-hand for \OT1/cmr/m/it/10 ad-
 []


Underfull \hbox (badness 7486) in paragraph at lines 1511--1519
[]\OT1/cmr/m/n/10 For ex-am-ple, \OT1/cmtt/m/n/10 [ 1.0.0.0/8, 2.0.0.0/8+, 3.0.
0.0/8-, 4.0.0.0/8$\OMS/cmsy/m/n/10 f$\OT1/cmtt/m/n/10 16,24$\OMS/cmsy/m/n/10 g$
 \OT1/cmtt/m/n/10 ] \OT1/cmr/m/n/10 matches pre-fix
 []


Underfull \hbox (badness 10000) in paragraph at lines 1520--1524
\OT1/cmtt/m/n/10 192.168.0.0/16 le 24 \OT1/cmr/m/n/10 as \OT1/cmtt/m/n/10 192.1
68.0.0/16$\OMS/cmsy/m/n/10 f$\OT1/cmtt/m/n/10 16,24$\OMS/cmsy/m/n/10 g$ \OT1/cm
r/m/n/10 and \OT1/cmtt/m/n/10 192.168.0.0/16 ge 24 \OT1/cmr/m/n/10 as
 []

[18] [19] [20] [21] [22]
Chapter 6.
[23

] [24] [25] [26] [27] [28] [29] [30] [31] [32] [33] [34] [35] [36] [37]
Underfull \hbox (badness 10000) in paragraph at lines 3435--3442
[]\OT1/cmtt/m/n/10 krt[]mtu\OT1/cmr/m/n/10 , \OT1/cmtt/m/n/10 krt[]lock[]mtu\OT
1/cmr/m/n/10 , \OT1/cmtt/m/n/10 krt[]window\OT1/cmr/m/n/10 , \OT1/cmtt/m/n/10 k
rt[]lock[]window\OT1/cmr/m/n/10 , \OT1/cmtt/m/n/10 krt[]rtt\OT1/cmr/m/n/10 , \O
T1/cmtt/m/n/10 krt[]lock[]rtt\OT1/cmr/m/n/10 , \OT1/cmtt/m/n/10 krt[]rttvar\OT1
/cmr/m/n/10 ,
 []


Underfull \hbox (badness 10000) in paragraph at lines 3435--3442
\OT1/cmtt/m/n/10 krt[]lock[]rttvar\OT1/cmr/m/n/10 , \OT1/cmtt/m/n/10 krt[]sstre
sh\OT1/cmr/m/n/10 , \OT1/cmtt/m/n/10 krt[]lock[]sstresh\OT1/cmr/m/n/10 , \OT1/c
mtt/m/n/10 krt[]cwnd\OT1/cmr/m/n/10 , \OT1/cmtt/m/n/10 krt[]lock[]cwnd\OT1/cmr/
m/n/10 , \OT1/cmtt/m/n/10 krt[]advmss\OT1/cmr/m/n/10 ,
 []


Underfull \hbox (badness 10000) in paragraph at lines 3435--3442
\OT1/cmtt/m/n/10 krt[]lock[]advmss\OT1/cmr/m/n/10 , \OT1/cmtt/m/n/10 krt[]reord
ering\OT1/cmr/m/n/10 , \OT1/cmtt/m/n/10 krt[]lock[]reordering\OT1/cmr/m/n/10 , 
\OT1/cmtt/m/n/10 krt[]hoplimit\OT1/cmr/m/n/10 , \OT1/cmtt/m/n/10 krt[]lock[]hop
limit\OT1/cmr/m/n/10 ,
 []


Underfull \hbox (badness 6364) in paragraph at lines 3435--3442
\OT1/cmtt/m/n/10 krt[]rto[]min\OT1/cmr/m/n/10 , \OT1/cmtt/m/n/10 krt[]lock[]rto
[]min\OT1/cmr/m/n/10 , \OT1/cmtt/m/n/10 krt[]initcwnd\OT1/cmr/m/n/10 , \OT1/cmt
t/m/n/10 krt[]initrwnd\OT1/cmr/m/n/10 , \OT1/cmtt/m/n/10 krt[]quickack\OT1/cmr/
m/n/10 , \OT1/cmtt/m/n/10 krt[]feature[]ecn\OT1/cmr/m/n/10 ,
 []

[38] [39] [40]
Overfull \hbox (212.12437pt too wide) in paragraph at lines 3755--3755
 []                                \OT1/cmtt/m/n/10 algorithm ( keyed md5 | key
ed sha1 | hmac sha1 | hmac sha256 | hmac sha384 | hmac sha512 );[] 
 []


Overfull \hbox (212.12437pt too wide) in paragraph at lines 3755--3755
 []                                \OT1/cmtt/m/n/10 algorithm ( keyed md5 | key
ed sha1 | hmac sha1 | hmac sha256 | hmac sha384 | hmac sha512 );[] 
 []

[41] [42] [43] [44] [45] [46] [47] [48] [49] [50] [51]
Underfull \hbox (badness 1354) in paragraph at lines 4812--4817
[]\OT1/cmr/m/n/10 The pref-er-ence of the route. The value can be \OT1/cmr/m/it
/10 RA[]PREF[]LOW\OT1/cmr/m/n/10 , \OT1/cmr/m/it/10 RA[]PREF[]MEDIUM \OT1/cmr/m
/n/10 or
 []

[52]
Overfull \hbox (33.62593pt too wide) in paragraph at lines 4890--4890
 []        \OT1/cmtt/m/n/10 propagate routes yes;           # Propagate the rou
tes from the radv_routes table[] 
 []

[53]
Overfull \hbox (170.12474pt too wide) in paragraph at lines 4978--4978
 []                        \OT1/cmtt/m/n/10 algorithm ( keyed md5 | keyed sha1 
| hmac sha1 | hmac sha256 | hmac sha384 | hmac sha512 );[] 
 []

[54] [55] [56] [57] [58] [59]
Chapter 7.
Package atveryend Info: Empty hook `BeforeClearDocument' on input line 5479.
[60

]
Package atveryend Info: Empty hook `AfterLastShipout' on input line 5479.
 (./bird.aux)
Package atveryend Info: Executing hook `AtVeryEndDocument' on input line 5479.
Package atveryend Info: Executing hook `AtEndAfterFileList' on input line 5479.

Package rerunfilecheck Info: File `bird.out' has not changed.
(rerunfilecheck)             Checksum: B14A01EC1E86A3E81F3A2A7767C357FA;1952.
Package atveryend Info: Empty hook `AtVeryVeryEnd' on input line 5479.
 ) 
Here is how much of TeX's memory you used:
 7520 strings out of 493620
 108009 string characters out of 3148703
 215898 words of memory out of 3000000
 9146 multiletter control sequences out of 15000+200000
 6889 words of font info for 25 fonts, out of 3000000 for 9000
 935 hyphenation exceptions out of 8191
 33i,6n,28p,455b,443s stack positions out of 5000i,500n,10000p,200000b,50000s
</usr/share/texlive/texmf-dist/fonts/type1/public/amsfonts/cm/cmbx10.pfb></us
r/share/texlive/texmf-dist/fonts/type1/public/amsfonts/cm/cmbx12.pfb></usr/shar
e/texlive/texmf-dist/fonts/type1/public/amsfonts/cm/cmmi10.pfb></usr/share/texl
ive/texmf-dist/fonts/type1/public/amsfonts/cm/cmr10.pfb></usr/share/texlive/tex
mf-dist/fonts/type1/public/amsfonts/cm/cmss10.pfb></usr/share/texlive/texmf-dis
t/fonts/type1/public/amsfonts/cm/cmss17.pfb></usr/share/texlive/texmf-dist/font
s/type1/public/amsfonts/cm/cmsy10.pfb></usr/share/texlive/texmf-dist/fonts/type
1/public/amsfonts/cm/cmti10.pfb></usr/share/texlive/texmf-dist/fonts/type1/publ
ic/amsfonts/cm/cmtt10.pfb>
Output written on bird.pdf (60 pages, 356743 bytes).
PDF statistics:
 2435 PDF objects out of 2487 (max. 8388607)
 2340 compressed objects within 24 object streams
 1614 named destinations out of 1728 (max. 500000)
 281 words of extra memory for PDF output out of 10000 (max. 10000000)

